<?xml version="1.0" encoding="UTF-8"?>
<!-- Generated by org.testng.reporters.JUnitReportReporter -->
<testsuite hostname="EC2AMAZ-8KL45D2" failures="0" tests="1" name="pk_HotelBooking.CreateBooking" time="3.090" errors="0" timestamp="2024-10-04T09:26:22 UTC" skipped="0">
  <testcase classname="pk_HotelBooking.CreateBooking" name="createBooking" time="3.090"/>
  <system-out/>
</testsuite> <!-- pk_HotelBooking.CreateBooking -->
