<?xml version="1.0" encoding="UTF-8"?>
<!-- Generated by org.testng.reporters.JUnitReportReporter -->
<testsuite hostname="EC2AMAZ-8KL45D2" failures="0" tests="1" name="pk_MyNotes.Update_User" time="0.213" errors="0" timestamp="2024-10-10T09:31:45 UTC" skipped="0">
  <testcase classname="pk_MyNotes.Update_User" name="UpdateMyUser" time="0.213"/>
  <system-out/>
</testsuite> <!-- pk_MyNotes.Update_User -->
