<?xml version="1.0" encoding="UTF-8"?>
<!-- Generated by org.testng.reporters.JUnitReportReporter -->
<testsuite hostname="EC2AMAZ-8KL45D2" failures="0" tests="1" name="pk_MyNotes.CreateNewUser" time="2.965" errors="0" timestamp="2024-10-10T08:50:02 UTC" skipped="0">
  <testcase classname="pk_MyNotes.CreateNewUser" name="before" time="2.965"/>
  <system-out/>
</testsuite> <!-- pk_MyNotes.CreateNewUser -->
