<?xml version="1.0" encoding="UTF-8"?>
<!-- Generated by org.testng.reporters.JUnitReportReporter -->
<testsuite hostname="EC2AMAZ-8KL45D2" failures="0" tests="1" name="pk_MyNotes.Logout_User" time="0.255" errors="0" timestamp="2024-10-10T09:45:59 UTC" skipped="0">
  <testcase classname="pk_MyNotes.Logout_User" name="Logout" time="0.255"/>
  <system-out/>
</testsuite> <!-- pk_MyNotes.Logout_User -->
