<?xml version="1.0" encoding="UTF-8"?>
<!-- Generated by org.testng.reporters.JUnitReportReporter -->
<testsuite hostname="EC2AMAZ-8KL45D2" failures="0" tests="2" name="pk_HotelBooking.PartialUpdateBooking" time="0.270" errors="0" timestamp="2024-10-04T07:38:03 UTC" skipped="0">
  <testcase classname="pk_HotelBooking.PartialUpdateBooking" name="createBooking" time="0.136"/>
  <system-out/>
  <testcase classname="pk_HotelBooking.PartialUpdateBooking" name="partial_UpdateBooking" time="0.134"/>
  <system-out/>
</testsuite> <!-- pk_HotelBooking.PartialUpdateBooking -->
