<?xml version="1.0" encoding="UTF-8"?>
<!-- Generated by org.testng.reporters.JUnitReportReporter -->
<testsuite hostname="EC2AMAZ-8KL45D2" failures="0" tests="3" name="pk_MyNotes.CreateNote" time="0.677" errors="0" timestamp="2024-10-07T05:59:35 UTC" skipped="0">
  <testcase classname="pk_MyNotes.CreateNote" name="createTheNote" time="0.256"/>
  <system-out/>
  <testcase classname="pk_MyNotes.CreateNote" name="updatenotes" time="0.212"/>
  <system-out/>
  <testcase classname="pk_MyNotes.CreateNote" name="deletenotes" time="0.209"/>
  <system-out/>
</testsuite> <!-- pk_MyNotes.CreateNote -->
