<?xml version="1.0" encoding="UTF-8"?>
<!-- Generated by org.testng.reporters.JUnitReportReporter -->
<testsuite hostname="EC2AMAZ-8KL45D2" failures="0" tests="1" name="pk_MyNotes.LoginAsExistingUser" time="3.075" errors="0" timestamp="2024-10-10T09:12:07 UTC" skipped="0">
  <testcase classname="pk_MyNotes.LoginAsExistingUser" name="before" time="3.075"/>
  <system-out/>
</testsuite> <!-- pk_MyNotes.LoginAsExistingUser -->
