<?xml version="1.0" encoding="UTF-8"?>
<!-- Generated by org.testng.reporters.JUnitReportReporter -->
<testsuite hostname="EC2AMAZ-8KL45D2" failures="0" tests="1" name="pk_HotelBooking.UpdateBooking" time="0.133" errors="0" timestamp="2024-10-04T07:30:08 UTC" skipped="0">
  <testcase classname="pk_HotelBooking.UpdateBooking" name="UpdateBooking" time="0.133"/>
  <system-out/>
</testsuite> <!-- pk_HotelBooking.UpdateBooking -->
